<?xml version="1.0" encoding="UTF-8" ?>
<testsuite tests="28" failures="0" name="TestSuite" time="14.695" errors="0" skipped="0">
  <properties>
    <property name="java.runtime.name" value="Java(TM) SE Runtime Environment"/>
    <property name="sun.boot.library.path" value="C:\Program Files\Java\jdk1.8.0_172\jre\bin"/>
    <property name="java.vm.version" value="25.172-b11"/>
    <property name="java.vm.vendor" value="Oracle Corporation"/>
    <property name="java.vendor.url" value="http://java.oracle.com/"/>
    <property name="path.separator" value=";"/>
    <property name="java.vm.name" value="Java HotSpot(TM) 64-Bit Server VM"/>
    <property name="file.encoding.pkg" value="sun.io"/>
    <property name="user.script" value=""/>
    <property name="user.country" value="US"/>
    <property name="sun.java.launcher" value="SUN_STANDARD"/>
    <property name="sun.os.patch.level" value="Service Pack 1"/>
    <property name="java.vm.specification.name" value="Java Virtual Machine Specification"/>
    <property name="user.dir" value="C:\Users\swati02\DHL\APITestSwati\APITest\APITest"/>
    <property name="java.runtime.version" value="1.8.0_172-b11"/>
    <property name="java.awt.graphicsenv" value="sun.awt.Win32GraphicsEnvironment"/>
    <property name="basedir" value="C:\Users\swati02\DHL\APITestSwati\APITest\APITest"/>
    <property name="java.endorsed.dirs" value="C:\Program Files\Java\jdk1.8.0_172\jre\lib\endorsed"/>
    <property name="os.arch" value="amd64"/>
    <property name="surefire.real.class.path" value="C:\Users\swati02\DHL\APITestSwati\APITest\APITest\target\surefire\surefirebooter8368007375355112425.jar"/>
    <property name="java.io.tmpdir" value="C:\Users\swati02\AppData\Local\Temp\"/>
    <property name="line.separator" value="
"/>
    <property name="java.vm.specification.vendor" value="Oracle Corporation"/>
    <property name="user.variant" value=""/>
    <property name="os.name" value="Windows 7"/>
    <property name="sun.jnu.encoding" value="Cp1252"/>
    <property name="java.library.path" value="C:\Program Files\Java\jdk1.8.0_172\jre\bin;C:\Windows\Sun\Java\bin;C:\Windows\system32;C:\Windows;E:\app\swati02\product\11.2.0\dbhome_1\bin;C:\Program Files\nodejs\;C:\Users\swati02\AppData\Roaming\npm;C:\Program Files\PuTTY\; E:\apache-maven-3.6.0-bin\apache-maven-3.6.0\bin; C:\Program Files\Java\jdk1.8.0_172\bin;E:\app\swati02\product\11.2.0\dbhome_1\bin;C:\Program Files\Java\jdk1.8.0_172\bin;C:\Program Files\apache-maven-3.5.3-bin\bin;C:\Program Files\Java\jdk1.8.0_172\jre\lib\ext;C:\Program Files\nodejs\;C:\Users\swati02\AppData\Roaming\npm;C:\Users\swati02\AppData\Local\Programs\Git\cmd;."/>
    <property name="surefire.test.class.path" value="C:\Users\swati02\DHL\APITestSwati\APITest\APITest\target\test-classes;C:\Users\swati02\DHL\APITestSwati\APITest\APITest\target\classes;C:\Users\swati02\.m2\repository\junit\junit\3.8.1\junit-3.8.1.jar;C:\Users\swati02\.m2\repository\io\rest-assured\rest-assured\3.2.0\rest-assured-3.2.0.jar;C:\Users\swati02\.m2\repository\org\codehaus\groovy\groovy\2.4.15\groovy-2.4.15.jar;C:\Users\swati02\.m2\repository\org\codehaus\groovy\groovy-xml\2.4.15\groovy-xml-2.4.15.jar;C:\Users\swati02\.m2\repository\org\apache\httpcomponents\httpclient\4.5.3\httpclient-4.5.3.jar;C:\Users\swati02\.m2\repository\org\apache\httpcomponents\httpcore\4.4.6\httpcore-4.4.6.jar;C:\Users\swati02\.m2\repository\commons-logging\commons-logging\1.2\commons-logging-1.2.jar;C:\Users\swati02\.m2\repository\org\apache\httpcomponents\httpmime\4.5.1\httpmime-4.5.1.jar;C:\Users\swati02\.m2\repository\org\hamcrest\hamcrest-core\1.3\hamcrest-core-1.3.jar;C:\Users\swati02\.m2\repository\org\hamcrest\hamcrest-library\1.3\hamcrest-library-1.3.jar;C:\Users\swati02\.m2\repository\org\ccil\cowan\tagsoup\tagsoup\1.2.1\tagsoup-1.2.1.jar;C:\Users\swati02\.m2\repository\io\rest-assured\json-path\3.2.0\json-path-3.2.0.jar;C:\Users\swati02\.m2\repository\org\codehaus\groovy\groovy-json\2.4.15\groovy-json-2.4.15.jar;C:\Users\swati02\.m2\repository\io\rest-assured\rest-assured-common\3.2.0\rest-assured-common-3.2.0.jar;C:\Users\swati02\.m2\repository\io\rest-assured\xml-path\3.2.0\xml-path-3.2.0.jar;C:\Users\swati02\.m2\repository\org\apache\commons\commons-lang3\3.4\commons-lang3-3.4.jar;C:\Users\swati02\.m2\repository\javax\xml\bind\jaxb-api\2.2.12\jaxb-api-2.2.12.jar;C:\Users\swati02\.m2\repository\com\sun\xml\bind\jaxb-osgi\2.2.10\jaxb-osgi-2.2.10.jar;C:\Users\swati02\.m2\repository\org\apache\sling\org.apache.sling.javax.activation\0.1.0\org.apache.sling.javax.activation-0.1.0.jar;C:\Users\swati02\.m2\repository\javax\activation\activation\1.1.1\activation-1.1.1.jar;C:\Users\swati02\.m2\repository\org\testng\testng\6.14.3\testng-6.14.3.jar;C:\Users\swati02\.m2\repository\com\beust\jcommander\1.72\jcommander-1.72.jar;C:\Users\swati02\.m2\repository\org\apache-extras\beanshell\bsh\2.0b6\bsh-2.0b6.jar;C:\Users\swati02\.m2\repository\com\googlecode\json-simple\json-simple\1.1.1\json-simple-1.1.1.jar;C:\Users\swati02\.m2\repository\com\fasterxml\jackson\core\jackson-core\2.9.5\jackson-core-2.9.5.jar;C:\Users\swati02\.m2\repository\com\fasterxml\jackson\core\jackson-databind\2.9.7\jackson-databind-2.9.7.jar;C:\Users\swati02\.m2\repository\com\fasterxml\jackson\core\jackson-annotations\2.9.0\jackson-annotations-2.9.0.jar;C:\Users\swati02\.m2\repository\org\apache\poi\poi\3.17\poi-3.17.jar;C:\Users\swati02\.m2\repository\commons-codec\commons-codec\1.10\commons-codec-1.10.jar;C:\Users\swati02\.m2\repository\org\apache\commons\commons-collections4\4.1\commons-collections4-4.1.jar;C:\Users\swati02\.m2\repository\org\apache\maven\surefire\surefire-testng-utils\2.8\surefire-testng-utils-2.8.jar;"/>
    <property name="java.specification.name" value="Java Platform API Specification"/>
    <property name="java.class.version" value="52.0"/>
    <property name="sun.management.compiler" value="HotSpot 64-Bit Tiered Compilers"/>
    <property name="os.version" value="6.1"/>
    <property name="user.home" value="C:\Users\swati02"/>
    <property name="user.timezone" value="Asia/Calcutta"/>
    <property name="java.awt.printerjob" value="sun.awt.windows.WPrinterJob"/>
    <property name="java.specification.version" value="1.8"/>
    <property name="file.encoding" value="Cp1252"/>
    <property name="user.name" value="swati02"/>
    <property name="java.class.path" value="C:\Users\swati02\DHL\APITestSwati\APITest\APITest\target\test-classes;C:\Users\swati02\DHL\APITestSwati\APITest\APITest\target\classes;C:\Users\swati02\.m2\repository\junit\junit\3.8.1\junit-3.8.1.jar;C:\Users\swati02\.m2\repository\io\rest-assured\rest-assured\3.2.0\rest-assured-3.2.0.jar;C:\Users\swati02\.m2\repository\org\codehaus\groovy\groovy\2.4.15\groovy-2.4.15.jar;C:\Users\swati02\.m2\repository\org\codehaus\groovy\groovy-xml\2.4.15\groovy-xml-2.4.15.jar;C:\Users\swati02\.m2\repository\org\apache\httpcomponents\httpclient\4.5.3\httpclient-4.5.3.jar;C:\Users\swati02\.m2\repository\org\apache\httpcomponents\httpcore\4.4.6\httpcore-4.4.6.jar;C:\Users\swati02\.m2\repository\commons-logging\commons-logging\1.2\commons-logging-1.2.jar;C:\Users\swati02\.m2\repository\org\apache\httpcomponents\httpmime\4.5.1\httpmime-4.5.1.jar;C:\Users\swati02\.m2\repository\org\hamcrest\hamcrest-core\1.3\hamcrest-core-1.3.jar;C:\Users\swati02\.m2\repository\org\hamcrest\hamcrest-library\1.3\hamcrest-library-1.3.jar;C:\Users\swati02\.m2\repository\org\ccil\cowan\tagsoup\tagsoup\1.2.1\tagsoup-1.2.1.jar;C:\Users\swati02\.m2\repository\io\rest-assured\json-path\3.2.0\json-path-3.2.0.jar;C:\Users\swati02\.m2\repository\org\codehaus\groovy\groovy-json\2.4.15\groovy-json-2.4.15.jar;C:\Users\swati02\.m2\repository\io\rest-assured\rest-assured-common\3.2.0\rest-assured-common-3.2.0.jar;C:\Users\swati02\.m2\repository\io\rest-assured\xml-path\3.2.0\xml-path-3.2.0.jar;C:\Users\swati02\.m2\repository\org\apache\commons\commons-lang3\3.4\commons-lang3-3.4.jar;C:\Users\swati02\.m2\repository\javax\xml\bind\jaxb-api\2.2.12\jaxb-api-2.2.12.jar;C:\Users\swati02\.m2\repository\com\sun\xml\bind\jaxb-osgi\2.2.10\jaxb-osgi-2.2.10.jar;C:\Users\swati02\.m2\repository\org\apache\sling\org.apache.sling.javax.activation\0.1.0\org.apache.sling.javax.activation-0.1.0.jar;C:\Users\swati02\.m2\repository\javax\activation\activation\1.1.1\activation-1.1.1.jar;C:\Users\swati02\.m2\repository\org\testng\testng\6.14.3\testng-6.14.3.jar;C:\Users\swati02\.m2\repository\com\beust\jcommander\1.72\jcommander-1.72.jar;C:\Users\swati02\.m2\repository\org\apache-extras\beanshell\bsh\2.0b6\bsh-2.0b6.jar;C:\Users\swati02\.m2\repository\com\googlecode\json-simple\json-simple\1.1.1\json-simple-1.1.1.jar;C:\Users\swati02\.m2\repository\com\fasterxml\jackson\core\jackson-core\2.9.5\jackson-core-2.9.5.jar;C:\Users\swati02\.m2\repository\com\fasterxml\jackson\core\jackson-databind\2.9.7\jackson-databind-2.9.7.jar;C:\Users\swati02\.m2\repository\com\fasterxml\jackson\core\jackson-annotations\2.9.0\jackson-annotations-2.9.0.jar;C:\Users\swati02\.m2\repository\org\apache\poi\poi\3.17\poi-3.17.jar;C:\Users\swati02\.m2\repository\commons-codec\commons-codec\1.10\commons-codec-1.10.jar;C:\Users\swati02\.m2\repository\org\apache\commons\commons-collections4\4.1\commons-collections4-4.1.jar;C:\Users\swati02\.m2\repository\org\apache\maven\surefire\surefire-testng-utils\2.8\surefire-testng-utils-2.8.jar;"/>
    <property name="java.vm.specification.version" value="1.8"/>
    <property name="sun.arch.data.model" value="64"/>
    <property name="java.home" value="C:\Program Files\Java\jdk1.8.0_172\jre"/>
    <property name="sun.java.command" value="C:\Users\swati02\DHL\APITestSwati\APITest\APITest\target\surefire\surefirebooter8368007375355112425.jar C:\Users\swati02\DHL\APITestSwati\APITest\APITest\target\surefire\surefire8119973259107561075tmp C:\Users\swati02\DHL\APITestSwati\APITest\APITest\target\surefire\surefire4378478205782111537tmp"/>
    <property name="java.specification.vendor" value="Oracle Corporation"/>
    <property name="user.language" value="en"/>
    <property name="awt.toolkit" value="sun.awt.windows.WToolkit"/>
    <property name="java.vm.info" value="mixed mode"/>
    <property name="java.version" value="1.8.0_172"/>
    <property name="java.ext.dirs" value="C:\Program Files\Java\jdk1.8.0_172\jre\lib\ext;C:\Windows\Sun\Java\lib\ext"/>
    <property name="sun.boot.class.path" value="C:\Program Files\Java\jdk1.8.0_172\jre\lib\resources.jar;C:\Program Files\Java\jdk1.8.0_172\jre\lib\rt.jar;C:\Program Files\Java\jdk1.8.0_172\jre\lib\sunrsasign.jar;C:\Program Files\Java\jdk1.8.0_172\jre\lib\jsse.jar;C:\Program Files\Java\jdk1.8.0_172\jre\lib\jce.jar;C:\Program Files\Java\jdk1.8.0_172\jre\lib\charsets.jar;C:\Program Files\Java\jdk1.8.0_172\jre\lib\jfr.jar;C:\Program Files\Java\jdk1.8.0_172\jre\classes"/>
    <property name="java.vendor" value="Oracle Corporation"/>
    <property name="localRepository" value="C:\Users\swati02\.m2\repository"/>
    <property name="file.separator" value="\"/>
    <property name="java.vendor.url.bug" value="http://bugreport.sun.com/bugreport/"/>
    <property name="sun.cpu.endian" value="little"/>
    <property name="sun.io.unicode.encoding" value="UnicodeLittle"/>
    <property name="sun.desktop" value="windows"/>
    <property name="sun.cpu.isalist" value="amd64"/>
  </properties>
  <testcase classname="testClasses.PlaceOrderTest" name="verifyValidResponse" time="4.746"/>
  <testcase classname="testClasses.PlaceOrderTest" name="verifyDistance" time="0.347"/>
  <testcase classname="testClasses.PlaceOrderTest" name="verifyDistanceValuesCount" time="0.326"/>
  <testcase classname="testClasses.PlaceOrderTest" name="verifyInValidResponse" time="0.222"/>
  <testcase classname="testClasses.PlaceOrderTest" name="verifyInValidResponsePayload" time="0.185"/>
  <testcase classname="testClasses.PlaceOrderTest" name="verifyResponseWithInvalidPayload" time="0.197"/>
  <testcase classname="testClasses.PlaceOrderTest" name="VerifyBadRequest" time="0.21"/>
  <testcase classname="testClasses.PlaceOrderTest" name="VerifyBadRequestAttribute" time="0.175"/>
  <testcase classname="testClasses.PlaceOrderTest" name="verifyFareCurrency" time="0.305"/>
  <testcase classname="testClasses.PlaceOrderTest" name="verifyTripFare" time="0.235"/>
  <testcase classname="testClasses.PlaceOrderTest" name="verifyTripFare9to5" time="0.222"/>
  <testcase classname="testClasses.PlaceOrderTest" name="verifyValidResponseWithTime" time="0.233"/>
  <testcase classname="testClasses.FetchOrderTest" name="getValidOrderResponse" time="0.18"/>
  <testcase classname="testClasses.FetchOrderTest" name="getInValidResponse" time="0.165"/>
  <testcase classname="testClasses.TakeOrderTest" name="verifyValidResponse" time="0.227"/>
  <testcase classname="testClasses.TakeOrderTest" name="verifyInValidOrderResponse" time="0.458"/>
  <testcase classname="testClasses.TakeOrderTest" name="verifyInvalidFlowResponse" time="0.368"/>
  <testcase classname="testClasses.TakeOrderTest" name="verifyInvalidFlowResponseMessage" time="0.223"/>
  <testcase classname="testClasses.CompleteOrderTest" name="verifyValidResponse" time="0.205"/>
  <testcase classname="testClasses.CompleteOrderTest" name="verifyInValidOrderResponse" time="0.402"/>
  <testcase classname="testClasses.CompleteOrderTest" name="verifyInvalidFlowResponse" time="0.422"/>
  <testcase classname="testClasses.CompleteOrderTest" name="verifyInvalidFlowResponseMessage" time="0.195"/>
  <testcase classname="testClasses.CompleteOrderTest" name="verifyInvalidFlowResponseMessageForCancelled" time="0.37"/>
  <testcase classname="testClasses.CompleteOrderTest" name="verifyInvalidFlowResponseMessageForOngoing" time="0.357"/>
  <testcase classname="testClasses.CancelOrderTest" name="verifyValidResponse" time="0.516"/>
  <testcase classname="testClasses.CancelOrderTest" name="verifyInValidOrderResponse" time="0.405"/>
  <testcase classname="testClasses.CancelOrderTest" name="verifyInvalidFlowResponseMessageForCancelled" time="0.605"/>
  <testcase classname="testClasses.CancelOrderTest" name="verifyInvalidFlowResponseMessageForOngoing" time="0.56"/>
</testsuite>