<?xml version="1.0" encoding="UTF-8"?>
<!-- Generated by org.testng.reporters.JUnitReportReporter -->
<testsuite skipped="0" hostname="swati3148078" name="testClasses.PlaceOrderTest" tests="12" failures="0" timestamp="19 Nov 2018 05:09:57 GMT" time="5.792" errors="0">
  <testcase name="verifyValidResponse" time="2.641" classname="testClasses.PlaceOrderTest"/>
  <testcase name="verifyInValidResponsePayload" time="0.257" classname="testClasses.PlaceOrderTest"/>
  <testcase name="verifyDistance" time="0.367" classname="testClasses.PlaceOrderTest"/>
  <testcase name="verifyResponseWithInvalidPayload" time="0.270" classname="testClasses.PlaceOrderTest"/>
  <testcase name="verifyDistanceValuesCount" time="0.340" classname="testClasses.PlaceOrderTest"/>
  <testcase name="verifyInValidResponse" time="0.250" classname="testClasses.PlaceOrderTest"/>
  <testcase name="VerifyBadRequestAttribute" time="0.217" classname="testClasses.PlaceOrderTest"/>
  <testcase name="VerifyBadRequest" time="0.232" classname="testClasses.PlaceOrderTest"/>
  <testcase name="verifyFareCurrency" time="0.325" classname="testClasses.PlaceOrderTest"/>
  <testcase name="verifyTripFare" time="0.368" classname="testClasses.PlaceOrderTest"/>
  <testcase name="verifyTripFare9to5" time="0.273" classname="testClasses.PlaceOrderTest"/>
  <testcase name="verifyValidResponseWithTime" time="0.252" classname="testClasses.PlaceOrderTest"/>
</testsuite> <!-- testClasses.PlaceOrderTest -->
