<?xml version="1.0" encoding="UTF-8"?>
<!-- Generated by org.testng.reporters.JUnitReportReporter -->
<testsuite skipped="0" hostname="swati3148078" name="testClasses.FetchOrderTest" tests="2" failures="0" timestamp="17 Nov 2018 09:57:35 GMT" time="0.442" errors="0">
  <testcase name="getValidOrderResponse" time="0.244" classname="testClasses.FetchOrderTest"/>
  <testcase name="getInValidResponse" time="0.198" classname="testClasses.FetchOrderTest"/>
</testsuite> <!-- testClasses.FetchOrderTest -->
