<?xml version="1.0" encoding="UTF-8"?>
<!-- Generated by org.testng.reporters.JUnitReportReporter -->
<testsuite skipped="0" hostname="swati3148078" name="testClasses.CancelOrderTest" tests="1" failures="0" timestamp="19 Nov 2018 05:06:02 GMT" time="3.116" errors="0">
  <testcase name="verifyValidResponse" time="3.116" classname="testClasses.CancelOrderTest"/>
</testsuite> <!-- testClasses.CancelOrderTest -->
