<?xml version="1.0" encoding="UTF-8"?>
<!-- Generated by org.testng.reporters.JUnitReportReporter -->
<testsuite skipped="0" hostname="swati3148078" name="testClasses.TakeOrderTest" tests="4" failures="0" timestamp="17 Nov 2018 09:57:35 GMT" time="1.221" errors="0">
  <testcase name="verifyValidResponse" time="0.208" classname="testClasses.TakeOrderTest"/>
  <testcase name="verifyInValidOrderResponse" time="0.412" classname="testClasses.TakeOrderTest"/>
  <testcase name="verifyInvalidFlowResponse" time="0.369" classname="testClasses.TakeOrderTest"/>
  <testcase name="verifyInvalidFlowResponseMessage" time="0.232" classname="testClasses.TakeOrderTest"/>
</testsuite> <!-- testClasses.TakeOrderTest -->
