<?xml version="1.0" encoding="UTF-8"?>
<!-- Generated by org.testng.reporters.JUnitReportReporter -->
<testsuite skipped="0" hostname="swati3148078" name="testClasses.CompleteOrderTest" tests="6" failures="0" timestamp="17 Nov 2018 09:57:35 GMT" time="1.955" errors="0">
  <testcase name="verifyValidResponse" time="0.205" classname="testClasses.CompleteOrderTest"/>
  <testcase name="verifyInValidOrderResponse" time="0.373" classname="testClasses.CompleteOrderTest"/>
  <testcase name="verifyInvalidFlowResponseMessage" time="0.185" classname="testClasses.CompleteOrderTest"/>
  <testcase name="verifyInvalidFlowResponse" time="0.416" classname="testClasses.CompleteOrderTest"/>
  <testcase name="verifyInvalidFlowResponseMessageForCancelled" time="0.404" classname="testClasses.CompleteOrderTest"/>
  <testcase name="verifyInvalidFlowResponseMessageForOngoing" time="0.372" classname="testClasses.CompleteOrderTest"/>
</testsuite> <!-- testClasses.CompleteOrderTest -->
