<?xml version="1.0" encoding="UTF-8"?>
<!-- Generated by org.testng.reporters.JUnitReportReporter -->
<testsuite skipped="0" hostname="swati3148078" name="testClasses.TakeOrderTest" tests="4" failures="0" timestamp="19 Nov 2018 07:29:04 GMT" time="1.276" errors="0">
  <testcase name="verifyValidResponse" time="0.227" classname="testClasses.TakeOrderTest"/>
  <testcase name="verifyInValidOrderResponse" time="0.458" classname="testClasses.TakeOrderTest"/>
  <testcase name="verifyInvalidFlowResponse" time="0.368" classname="testClasses.TakeOrderTest"/>
  <testcase name="verifyInvalidFlowResponseMessage" time="0.223" classname="testClasses.TakeOrderTest"/>
</testsuite> <!-- testClasses.TakeOrderTest -->
