<?xml version="1.0" encoding="UTF-8"?>
<!-- Generated by org.testng.reporters.JUnitReportReporter -->
<testsuite skipped="0" hostname="swati3148078" name="testClasses.PlaceOrderTest" tests="12" failures="0" timestamp="19 Nov 2018 07:29:04 GMT" time="7.404" errors="0">
  <testcase name="verifyValidResponse" time="4.746" classname="testClasses.PlaceOrderTest"/>
  <testcase name="verifyInValidResponsePayload" time="0.185" classname="testClasses.PlaceOrderTest"/>
  <testcase name="verifyDistanceValuesCount" time="0.326" classname="testClasses.PlaceOrderTest"/>
  <testcase name="verifyResponseWithInvalidPayload" time="0.197" classname="testClasses.PlaceOrderTest"/>
  <testcase name="verifyInValidResponse" time="0.222" classname="testClasses.PlaceOrderTest"/>
  <testcase name="verifyDistance" time="0.350" classname="testClasses.PlaceOrderTest"/>
  <testcase name="VerifyBadRequest" time="0.208" classname="testClasses.PlaceOrderTest"/>
  <testcase name="VerifyBadRequestAttribute" time="0.175" classname="testClasses.PlaceOrderTest"/>
  <testcase name="verifyFareCurrency" time="0.305" classname="testClasses.PlaceOrderTest"/>
  <testcase name="verifyTripFare" time="0.235" classname="testClasses.PlaceOrderTest"/>
  <testcase name="verifyTripFare9to5" time="0.222" classname="testClasses.PlaceOrderTest"/>
  <testcase name="verifyValidResponseWithTime" time="0.233" classname="testClasses.PlaceOrderTest"/>
</testsuite> <!-- testClasses.PlaceOrderTest -->
