<?xml version="1.0" encoding="UTF-8"?>
<!-- Generated by org.testng.reporters.JUnitReportReporter -->
<testsuite skipped="0" hostname="swati3148078" name="testClasses.TakeOrderTest" tests="4" failures="0" timestamp="19 Nov 2018 05:12:51 GMT" time="1.705" errors="0">
  <testcase name="verifyValidResponse" time="0.350" classname="testClasses.TakeOrderTest"/>
  <testcase name="verifyInValidOrderResponse" time="0.753" classname="testClasses.TakeOrderTest"/>
  <testcase name="verifyInvalidFlowResponse" time="0.405" classname="testClasses.TakeOrderTest"/>
  <testcase name="verifyInvalidFlowResponseMessage" time="0.197" classname="testClasses.TakeOrderTest"/>
</testsuite> <!-- testClasses.TakeOrderTest -->
