<?xml version="1.0" encoding="UTF-8"?>
<!-- Generated by org.testng.reporters.JUnitReportReporter -->
<testsuite skipped="0" hostname="swati3148078" name="testClasses.FetchOrderTest" tests="2" failures="0" timestamp="19 Nov 2018 07:29:04 GMT" time="0.345" errors="0">
  <testcase name="getValidOrderResponse" time="0.180" classname="testClasses.FetchOrderTest"/>
  <testcase name="getInValidResponse" time="0.165" classname="testClasses.FetchOrderTest"/>
</testsuite> <!-- testClasses.FetchOrderTest -->
