<?xml version="1.0" encoding="UTF-8"?>
<!-- Generated by org.testng.reporters.JUnitReportReporter -->
<testsuite skipped="0" hostname="swati3148078" name="testClasses.CancelOrderTest" tests="4" failures="0" timestamp="19 Nov 2018 07:29:04 GMT" time="2.086" errors="0">
  <testcase name="verifyValidResponse" time="0.516" classname="testClasses.CancelOrderTest"/>
  <testcase name="verifyInValidOrderResponse" time="0.405" classname="testClasses.CancelOrderTest"/>
  <testcase name="verifyInvalidFlowResponseMessageForOngoing" time="0.560" classname="testClasses.CancelOrderTest"/>
  <testcase name="verifyInvalidFlowResponseMessageForCancelled" time="0.605" classname="testClasses.CancelOrderTest"/>
</testsuite> <!-- testClasses.CancelOrderTest -->
