<?xml version="1.0" encoding="UTF-8"?>
<!-- Generated by org.testng.reporters.JUnitReportReporter -->
<testsuite skipped="0" hostname="swati3148078" name="testClasses.PlaceOrderTest" tests="12" failures="0" timestamp="19 Nov 2018 05:12:51 GMT" time="4.994" errors="0">
  <testcase name="verifyValidResponse" time="2.081" classname="testClasses.PlaceOrderTest"/>
  <testcase name="verifyInValidResponsePayload" time="0.180" classname="testClasses.PlaceOrderTest"/>
  <testcase name="verifyDistanceValuesCount" time="0.343" classname="testClasses.PlaceOrderTest"/>
  <testcase name="verifyResponseWithInvalidPayload" time="0.212" classname="testClasses.PlaceOrderTest"/>
  <testcase name="verifyInValidResponse" time="0.290" classname="testClasses.PlaceOrderTest"/>
  <testcase name="verifyDistance" time="0.370" classname="testClasses.PlaceOrderTest"/>
  <testcase name="VerifyBadRequest" time="0.195" classname="testClasses.PlaceOrderTest"/>
  <testcase name="VerifyBadRequestAttribute" time="0.218" classname="testClasses.PlaceOrderTest"/>
  <testcase name="verifyFareCurrency" time="0.337" classname="testClasses.PlaceOrderTest"/>
  <testcase name="verifyTripFare" time="0.258" classname="testClasses.PlaceOrderTest"/>
  <testcase name="verifyTripFare9to5" time="0.260" classname="testClasses.PlaceOrderTest"/>
  <testcase name="verifyValidResponseWithTime" time="0.250" classname="testClasses.PlaceOrderTest"/>
</testsuite> <!-- testClasses.PlaceOrderTest -->
