<?xml version="1.0" encoding="UTF-8"?>
<!-- Generated by org.testng.reporters.JUnitReportReporter -->
<testsuite skipped="0" hostname="swati3148078" name="testClasses.CancelOrderTest" tests="4" failures="0" timestamp="19 Nov 2018 05:12:51 GMT" time="2.013" errors="0">
  <testcase name="verifyValidResponse" time="0.510" classname="testClasses.CancelOrderTest"/>
  <testcase name="verifyInValidOrderResponse" time="0.370" classname="testClasses.CancelOrderTest"/>
  <testcase name="verifyInvalidFlowResponseMessageForOngoing" time="0.563" classname="testClasses.CancelOrderTest"/>
  <testcase name="verifyInvalidFlowResponseMessageForCancelled" time="0.570" classname="testClasses.CancelOrderTest"/>
</testsuite> <!-- testClasses.CancelOrderTest -->
